Command line invocation:
    /Applications/Xcode.app/Contents/Developer/usr/bin/xcodebuild -project /Users/yaseenkhalil/Downloads/barber-app-main/ios/barberapp.xcodeproj -configuration Debug -scheme barberapp -destination id=8F260E71-D810-4A19-9C79-DC0FDC66F9C5

User defaults from command line:
    IDEPackageSupportUseBuiltinSCM = YES

Prepare packages

ComputeTargetDependencyGraph
note: Building targets in dependency order
note: Target dependency graph (1 target)
    Target 'barberapp' in project 'barberapp' (no dependencies)

GatherProvisioningInputs

CreateBuildDescription

ExecuteExternalTool /Applications/Xcode.app/Contents/Developer/Toolchains/XcodeDefault.xctoolchain/usr/bin/clang -v -E -dM -isysroot /Applications/Xcode.app/Contents/Developer/Platforms/iPhoneSimulator.platform/Developer/SDKs/iPhoneSimulator18.2.sdk -x c -c /dev/null

ExecuteExternalTool /Applications/Xcode.app/Contents/Developer/usr/bin/ibtool --version --output-format xml1

ExecuteExternalTool /Applications/Xcode.app/Contents/Developer/Toolchains/XcodeDefault.xctoolchain/usr/bin/clang -v -E -dM -arch arm64 -isysroot /Applications/Xcode.app/Contents/Developer/Platforms/iPhoneSimulator.platform/Developer/SDKs/iPhoneSimulator18.2.sdk -x c -c /dev/null

ExecuteExternalTool /Applications/Xcode.app/Contents/Developer/usr/bin/actool --print-asset-tag-combinations --output-format xml1 /Users/yaseenkhalil/Downloads/barber-app-main/ios/barberapp/Images.xcassets

ExecuteExternalTool /Applications/Xcode.app/Contents/Developer/usr/bin/actool --version --output-format xml1

ExecuteExternalTool /Applications/Xcode.app/Contents/Developer/Toolchains/XcodeDefault.xctoolchain/usr/bin/swiftc --version

ExecuteExternalTool /Applications/Xcode.app/Contents/Developer/Toolchains/XcodeDefault.xctoolchain/usr/bin/ld -version_details

Build description signature: 81d81312c14d5976e8f5d65e89b6c5a1
Build description path: /Users/yaseenkhalil/Library/Developer/Xcode/DerivedData/barberapp-hcwplsoawdwnpjbfkzbwnxofyxog/Build/Intermediates.noindex/XCBuildData/81d81312c14d5976e8f5d65e89b6c5a1.xcbuilddata
ClangStatCache /Applications/Xcode.app/Contents/Developer/Toolchains/XcodeDefault.xctoolchain/usr/bin/clang-stat-cache /Applications/Xcode.app/Contents/Developer/Platforms/iPhoneSimulator.platform/Developer/SDKs/iPhoneSimulator18.2.sdk /Users/yaseenkhalil/Library/Developer/Xcode/DerivedData/SDKStatCaches.noindex/iphonesimulator18.2-22C146-07b28473f605e47e75261259d3ef3b5a.sdkstatcache
    cd /Users/yaseenkhalil/Downloads/barber-app-main/ios/barberapp.xcodeproj
    /Applications/Xcode.app/Contents/Developer/Toolchains/XcodeDefault.xctoolchain/usr/bin/clang-stat-cache /Applications/Xcode.app/Contents/Developer/Platforms/iPhoneSimulator.platform/Developer/SDKs/iPhoneSimulator18.2.sdk -o /Users/yaseenkhalil/Library/Developer/Xcode/DerivedData/SDKStatCaches.noindex/iphonesimulator18.2-22C146-07b28473f605e47e75261259d3ef3b5a.sdkstatcache

CreateBuildDirectory /Users/yaseenkhalil/Library/Developer/Xcode/DerivedData/barberapp-hcwplsoawdwnpjbfkzbwnxofyxog/Build/Products
    cd /Users/yaseenkhalil/Downloads/barber-app-main/ios/barberapp.xcodeproj
    builtin-create-build-directory /Users/yaseenkhalil/Library/Developer/Xcode/DerivedData/barberapp-hcwplsoawdwnpjbfkzbwnxofyxog/Build/Products

CreateBuildDirectory /Users/yaseenkhalil/Library/Developer/Xcode/DerivedData/barberapp-hcwplsoawdwnpjbfkzbwnxofyxog/Build/Intermediates.noindex
    cd /Users/yaseenkhalil/Downloads/barber-app-main/ios/barberapp.xcodeproj
    builtin-create-build-directory /Users/yaseenkhalil/Library/Developer/Xcode/DerivedData/barberapp-hcwplsoawdwnpjbfkzbwnxofyxog/Build/Intermediates.noindex

CreateBuildDirectory /Users/yaseenkhalil/Library/Developer/Xcode/DerivedData/barberapp-hcwplsoawdwnpjbfkzbwnxofyxog/Build/Products/Debug-iphonesimulator
    cd /Users/yaseenkhalil/Downloads/barber-app-main/ios/barberapp.xcodeproj
    builtin-create-build-directory /Users/yaseenkhalil/Library/Developer/Xcode/DerivedData/barberapp-hcwplsoawdwnpjbfkzbwnxofyxog/Build/Products/Debug-iphonesimulator

WriteAuxiliaryFile /Users/yaseenkhalil/Library/Developer/Xcode/DerivedData/barberapp-hcwplsoawdwnpjbfkzbwnxofyxog/Build/Intermediates.noindex/barberapp.build/Debug-iphonesimulator/barberapp-ea99984a40e36d80abb793c3da12751e-VFS-iphonesimulator/all-product-headers.yaml
    cd /Users/yaseenkhalil/Downloads/barber-app-main/ios/barberapp.xcodeproj
    write-file /Users/yaseenkhalil/Library/Developer/Xcode/DerivedData/barberapp-hcwplsoawdwnpjbfkzbwnxofyxog/Build/Intermediates.noindex/barberapp.build/Debug-iphonesimulator/barberapp-ea99984a40e36d80abb793c3da12751e-VFS-iphonesimulator/all-product-headers.yaml

CreateBuildDirectory /Users/yaseenkhalil/Library/Developer/Xcode/DerivedData/barberapp-hcwplsoawdwnpjbfkzbwnxofyxog/Build/Intermediates.noindex/EagerLinkingTBDs/Debug-iphonesimulator
    cd /Users/yaseenkhalil/Downloads/barber-app-main/ios/barberapp.xcodeproj
    builtin-create-build-directory /Users/yaseenkhalil/Library/Developer/Xcode/DerivedData/barberapp-hcwplsoawdwnpjbfkzbwnxofyxog/Build/Intermediates.noindex/EagerLinkingTBDs/Debug-iphonesimulator

WriteAuxiliaryFile /Users/yaseenkhalil/Library/Developer/Xcode/DerivedData/barberapp-hcwplsoawdwnpjbfkzbwnxofyxog/Build/Intermediates.noindex/barberapp.build/Debug-iphonesimulator/barberapp.build/barberapp-own-target-headers.hmap (in target 'barberapp' from project 'barberapp')
    cd /Users/yaseenkhalil/Downloads/barber-app-main/ios
    write-file /Users/yaseenkhalil/Library/Developer/Xcode/DerivedData/barberapp-hcwplsoawdwnpjbfkzbwnxofyxog/Build/Intermediates.noindex/barberapp.build/Debug-iphonesimulator/barberapp.build/barberapp-own-target-headers.hmap

WriteAuxiliaryFile /Users/yaseenkhalil/Library/Developer/Xcode/DerivedData/barberapp-hcwplsoawdwnpjbfkzbwnxofyxog/Build/Intermediates.noindex/barberapp.build/Debug-iphonesimulator/barberapp.build/barberapp-all-target-headers.hmap (in target 'barberapp' from project 'barberapp')
    cd /Users/yaseenkhalil/Downloads/barber-app-main/ios
    write-file /Users/yaseenkhalil/Library/Developer/Xcode/DerivedData/barberapp-hcwplsoawdwnpjbfkzbwnxofyxog/Build/Intermediates.noindex/barberapp.build/Debug-iphonesimulator/barberapp.build/barberapp-all-target-headers.hmap

WriteAuxiliaryFile /Users/yaseenkhalil/Library/Developer/Xcode/DerivedData/barberapp-hcwplsoawdwnpjbfkzbwnxofyxog/Build/Intermediates.noindex/barberapp.build/Debug-iphonesimulator/barberapp.build/barberapp-generated-files.hmap (in target 'barberapp' from project 'barberapp')
    cd /Users/yaseenkhalil/Downloads/barber-app-main/ios
    write-file /Users/yaseenkhalil/Library/Developer/Xcode/DerivedData/barberapp-hcwplsoawdwnpjbfkzbwnxofyxog/Build/Intermediates.noindex/barberapp.build/Debug-iphonesimulator/barberapp.build/barberapp-generated-files.hmap

WriteAuxiliaryFile /Users/yaseenkhalil/Library/Developer/Xcode/DerivedData/barberapp-hcwplsoawdwnpjbfkzbwnxofyxog/Build/Intermediates.noindex/barberapp.build/Debug-iphonesimulator/barberapp.build/barberapp-all-non-framework-target-headers.hmap (in target 'barberapp' from project 'barberapp')
    cd /Users/yaseenkhalil/Downloads/barber-app-main/ios
    write-file /Users/yaseenkhalil/Library/Developer/Xcode/DerivedData/barberapp-hcwplsoawdwnpjbfkzbwnxofyxog/Build/Intermediates.noindex/barberapp.build/Debug-iphonesimulator/barberapp.build/barberapp-all-non-framework-target-headers.hmap

WriteAuxiliaryFile /Users/yaseenkhalil/Library/Developer/Xcode/DerivedData/barberapp-hcwplsoawdwnpjbfkzbwnxofyxog/Build/Intermediates.noindex/barberapp.build/Debug-iphonesimulator/barberapp.build/barberapp-project-headers.hmap (in target 'barberapp' from project 'barberapp')
    cd /Users/yaseenkhalil/Downloads/barber-app-main/ios
    write-file /Users/yaseenkhalil/Library/Developer/Xcode/DerivedData/barberapp-hcwplsoawdwnpjbfkzbwnxofyxog/Build/Intermediates.noindex/barberapp.build/Debug-iphonesimulator/barberapp.build/barberapp-project-headers.hmap

WriteAuxiliaryFile /Users/yaseenkhalil/Library/Developer/Xcode/DerivedData/barberapp-hcwplsoawdwnpjbfkzbwnxofyxog/Build/Intermediates.noindex/barberapp.build/Debug-iphonesimulator/barberapp.build/barberapp.DependencyMetadataFileList (in target 'barberapp' from project 'barberapp')
    cd /Users/yaseenkhalil/Downloads/barber-app-main/ios
    write-file /Users/yaseenkhalil/Library/Developer/Xcode/DerivedData/barberapp-hcwplsoawdwnpjbfkzbwnxofyxog/Build/Intermediates.noindex/barberapp.build/Debug-iphonesimulator/barberapp.build/barberapp.DependencyMetadataFileList

WriteAuxiliaryFile /Users/yaseenkhalil/Library/Developer/Xcode/DerivedData/barberapp-hcwplsoawdwnpjbfkzbwnxofyxog/Build/Intermediates.noindex/barberapp.build/Debug-iphonesimulator/barberapp.build/barberapp-DebugDylibPath-normal-arm64.txt (in target 'barberapp' from project 'barberapp')
    cd /Users/yaseenkhalil/Downloads/barber-app-main/ios
    write-file /Users/yaseenkhalil/Library/Developer/Xcode/DerivedData/barberapp-hcwplsoawdwnpjbfkzbwnxofyxog/Build/Intermediates.noindex/barberapp.build/Debug-iphonesimulator/barberapp.build/barberapp-DebugDylibPath-normal-arm64.txt

WriteAuxiliaryFile /Users/yaseenkhalil/Library/Developer/Xcode/DerivedData/barberapp-hcwplsoawdwnpjbfkzbwnxofyxog/Build/Intermediates.noindex/barberapp.build/Debug-iphonesimulator/barberapp.build/barberapp.hmap (in target 'barberapp' from project 'barberapp')
    cd /Users/yaseenkhalil/Downloads/barber-app-main/ios
    write-file /Users/yaseenkhalil/Library/Developer/Xcode/DerivedData/barberapp-hcwplsoawdwnpjbfkzbwnxofyxog/Build/Intermediates.noindex/barberapp.build/Debug-iphonesimulator/barberapp.build/barberapp.hmap

WriteAuxiliaryFile /Users/yaseenkhalil/Library/Developer/Xcode/DerivedData/barberapp-hcwplsoawdwnpjbfkzbwnxofyxog/Build/Intermediates.noindex/barberapp.build/Debug-iphonesimulator/barberapp.build/barberapp-DebugDylibInstallName-normal-arm64.txt (in target 'barberapp' from project 'barberapp')
    cd /Users/yaseenkhalil/Downloads/barber-app-main/ios
    write-file /Users/yaseenkhalil/Library/Developer/Xcode/DerivedData/barberapp-hcwplsoawdwnpjbfkzbwnxofyxog/Build/Intermediates.noindex/barberapp.build/Debug-iphonesimulator/barberapp.build/barberapp-DebugDylibInstallName-normal-arm64.txt

WriteAuxiliaryFile /Users/yaseenkhalil/Library/Developer/Xcode/DerivedData/barberapp-hcwplsoawdwnpjbfkzbwnxofyxog/Build/Intermediates.noindex/barberapp.build/Debug-iphonesimulator/barberapp.build/Script-800E24972A6A228C8D4807E9.sh (in target 'barberapp' from project 'barberapp')
    cd /Users/yaseenkhalil/Downloads/barber-app-main/ios
    write-file /Users/yaseenkhalil/Library/Developer/Xcode/DerivedData/barberapp-hcwplsoawdwnpjbfkzbwnxofyxog/Build/Intermediates.noindex/barberapp.build/Debug-iphonesimulator/barberapp.build/Script-800E24972A6A228C8D4807E9.sh

WriteAuxiliaryFile /Users/yaseenkhalil/Library/Developer/Xcode/DerivedData/barberapp-hcwplsoawdwnpjbfkzbwnxofyxog/Build/Intermediates.noindex/barberapp.build/Debug-iphonesimulator/barberapp.build/Script-08A4A3CD28434E44B6B9DE2E.sh (in target 'barberapp' from project 'barberapp')
    cd /Users/yaseenkhalil/Downloads/barber-app-main/ios
    write-file /Users/yaseenkhalil/Library/Developer/Xcode/DerivedData/barberapp-hcwplsoawdwnpjbfkzbwnxofyxog/Build/Intermediates.noindex/barberapp.build/Debug-iphonesimulator/barberapp.build/Script-08A4A3CD28434E44B6B9DE2E.sh

WriteAuxiliaryFile /Users/yaseenkhalil/Library/Developer/Xcode/DerivedData/barberapp-hcwplsoawdwnpjbfkzbwnxofyxog/Build/Intermediates.noindex/barberapp.build/Debug-iphonesimulator/barberapp.build/Script-00DD1BFF1BD5951E006B06BC.sh (in target 'barberapp' from project 'barberapp')
    cd /Users/yaseenkhalil/Downloads/barber-app-main/ios
    write-file /Users/yaseenkhalil/Library/Developer/Xcode/DerivedData/barberapp-hcwplsoawdwnpjbfkzbwnxofyxog/Build/Intermediates.noindex/barberapp.build/Debug-iphonesimulator/barberapp.build/Script-00DD1BFF1BD5951E006B06BC.sh

WriteAuxiliaryFile /Users/yaseenkhalil/Library/Developer/Xcode/DerivedData/barberapp-hcwplsoawdwnpjbfkzbwnxofyxog/Build/Intermediates.noindex/barberapp.build/Debug-iphonesimulator/barberapp.build/Objects-normal/arm64/barberapp.SwiftFileList (in target 'barberapp' from project 'barberapp')
    cd /Users/yaseenkhalil/Downloads/barber-app-main/ios
    write-file /Users/yaseenkhalil/Library/Developer/Xcode/DerivedData/barberapp-hcwplsoawdwnpjbfkzbwnxofyxog/Build/Intermediates.noindex/barberapp.build/Debug-iphonesimulator/barberapp.build/Objects-normal/arm64/barberapp.SwiftFileList

WriteAuxiliaryFile /Users/yaseenkhalil/Library/Developer/Xcode/DerivedData/barberapp-hcwplsoawdwnpjbfkzbwnxofyxog/Build/Intermediates.noindex/barberapp.build/Debug-iphonesimulator/barberapp.build/Objects-normal/arm64/barberapp_const_extract_protocols.json (in target 'barberapp' from project 'barberapp')
    cd /Users/yaseenkhalil/Downloads/barber-app-main/ios
    write-file /Users/yaseenkhalil/Library/Developer/Xcode/DerivedData/barberapp-hcwplsoawdwnpjbfkzbwnxofyxog/Build/Intermediates.noindex/barberapp.build/Debug-iphonesimulator/barberapp.build/Objects-normal/arm64/barberapp_const_extract_protocols.json

WriteAuxiliaryFile /Users/yaseenkhalil/Library/Developer/Xcode/DerivedData/barberapp-hcwplsoawdwnpjbfkzbwnxofyxog/Build/Intermediates.noindex/barberapp.build/Debug-iphonesimulator/barberapp.build/Objects-normal/arm64/barberapp.SwiftConstValuesFileList (in target 'barberapp' from project 'barberapp')
    cd /Users/yaseenkhalil/Downloads/barber-app-main/ios
    write-file /Users/yaseenkhalil/Library/Developer/Xcode/DerivedData/barberapp-hcwplsoawdwnpjbfkzbwnxofyxog/Build/Intermediates.noindex/barberapp.build/Debug-iphonesimulator/barberapp.build/Objects-normal/arm64/barberapp.SwiftConstValuesFileList

WriteAuxiliaryFile /Users/yaseenkhalil/Library/Developer/Xcode/DerivedData/barberapp-hcwplsoawdwnpjbfkzbwnxofyxog/Build/Intermediates.noindex/barberapp.build/Debug-iphonesimulator/barberapp.build/Objects-normal/arm64/barberapp.LinkFileList (in target 'barberapp' from project 'barberapp')
    cd /Users/yaseenkhalil/Downloads/barber-app-main/ios
    write-file /Users/yaseenkhalil/Library/Developer/Xcode/DerivedData/barberapp-hcwplsoawdwnpjbfkzbwnxofyxog/Build/Intermediates.noindex/barberapp.build/Debug-iphonesimulator/barberapp.build/Objects-normal/arm64/barberapp.LinkFileList

WriteAuxiliaryFile /Users/yaseenkhalil/Library/Developer/Xcode/DerivedData/barberapp-hcwplsoawdwnpjbfkzbwnxofyxog/Build/Intermediates.noindex/barberapp.build/Debug-iphonesimulator/barberapp.build/Objects-normal/arm64/barberapp-OutputFileMap.json (in target 'barberapp' from project 'barberapp')
    cd /Users/yaseenkhalil/Downloads/barber-app-main/ios
    write-file /Users/yaseenkhalil/Library/Developer/Xcode/DerivedData/barberapp-hcwplsoawdwnpjbfkzbwnxofyxog/Build/Intermediates.noindex/barberapp.build/Debug-iphonesimulator/barberapp.build/Objects-normal/arm64/barberapp-OutputFileMap.json

WriteAuxiliaryFile /Users/yaseenkhalil/Library/Developer/Xcode/DerivedData/barberapp-hcwplsoawdwnpjbfkzbwnxofyxog/Build/Intermediates.noindex/barberapp.build/Debug-iphonesimulator/barberapp.build/Objects-normal/arm64/7187679823f38a2a940e0043cdf9d637-common-args.resp (in target 'barberapp' from project 'barberapp')
    cd /Users/yaseenkhalil/Downloads/barber-app-main/ios
    write-file /Users/yaseenkhalil/Library/Developer/Xcode/DerivedData/barberapp-hcwplsoawdwnpjbfkzbwnxofyxog/Build/Intermediates.noindex/barberapp.build/Debug-iphonesimulator/barberapp.build/Objects-normal/arm64/7187679823f38a2a940e0043cdf9d637-common-args.resp
-target arm64-apple-ios15.1-simulator '-std=gnu99' -fmodules -gmodules '-fmodules-cache-path=/Users/yaseenkhalil/Library/Developer/Xcode/DerivedData/ModuleCache.noindex' -fpascal-strings -O0 -fno-common '-DDEBUG=1' '-DFB_SONARKIT_ENABLED=1' -isysroot /Applications/Xcode.app/Contents/Developer/Platforms/iPhoneSimulator.platform/Developer/SDKs/iPhoneSimulator18.2.sdk -g -iquote /Users/yaseenkhalil/Library/Developer/Xcode/DerivedData/barberapp-hcwplsoawdwnpjbfkzbwnxofyxog/Build/Intermediates.noindex/barberapp.build/Debug-iphonesimulator/barberapp.build/barberapp-generated-files.hmap -I/Users/yaseenkhalil/Library/Developer/Xcode/DerivedData/barberapp-hcwplsoawdwnpjbfkzbwnxofyxog/Build/Intermediates.noindex/barberapp.build/Debug-iphonesimulator/barberapp.build/barberapp-own-target-headers.hmap -I/Users/yaseenkhalil/Library/Developer/Xcode/DerivedData/barberapp-hcwplsoawdwnpjbfkzbwnxofyxog/Build/Intermediates.noindex/barberapp.build/Debug-iphonesimulator/barberapp.build/barberapp-all-target-headers.hmap -iquote /Users/yaseenkhalil/Library/Developer/Xcode/DerivedData/barberapp-hcwplsoawdwnpjbfkzbwnxofyxog/Build/Intermediates.noindex/barberapp.build/Debug-iphonesimulator/barberapp.build/barberapp-project-headers.hmap -I/Users/yaseenkhalil/Library/Developer/Xcode/DerivedData/barberapp-hcwplsoawdwnpjbfkzbwnxofyxog/Build/Products/Debug-iphonesimulator/include -I/Users/yaseenkhalil/Library/Developer/Xcode/DerivedData/barberapp-hcwplsoawdwnpjbfkzbwnxofyxog/Build/Intermediates.noindex/barberapp.build/Debug-iphonesimulator/barberapp.build/DerivedSources-normal/arm64 -I/Users/yaseenkhalil/Library/Developer/Xcode/DerivedData/barberapp-hcwplsoawdwnpjbfkzbwnxofyxog/Build/Intermediates.noindex/barberapp.build/Debug-iphonesimulator/barberapp.build/DerivedSources/arm64 -I/Users/yaseenkhalil/Library/Developer/Xcode/DerivedData/barberapp-hcwplsoawdwnpjbfkzbwnxofyxog/Build/Intermediates.noindex/barberapp.build/Debug-iphonesimulator/barberapp.build/DerivedSources -F/Users/yaseenkhalil/Library/Developer/Xcode/DerivedData/barberapp-hcwplsoawdwnpjbfkzbwnxofyxog/Build/Products/Debug-iphonesimulator

WriteAuxiliaryFile /Users/yaseenkhalil/Library/Developer/Xcode/DerivedData/barberapp-hcwplsoawdwnpjbfkzbwnxofyxog/Build/Intermediates.noindex/barberapp.build/Debug-iphonesimulator/barberapp.build/DerivedSources/barberapp_vers.c (in target 'barberapp' from project 'barberapp')
    cd /Users/yaseenkhalil/Downloads/barber-app-main/ios
    write-file /Users/yaseenkhalil/Library/Developer/Xcode/DerivedData/barberapp-hcwplsoawdwnpjbfkzbwnxofyxog/Build/Intermediates.noindex/barberapp.build/Debug-iphonesimulator/barberapp.build/DerivedSources/barberapp_vers.c

WriteAuxiliaryFile /Users/yaseenkhalil/Library/Developer/Xcode/DerivedData/barberapp-hcwplsoawdwnpjbfkzbwnxofyxog/Build/Intermediates.noindex/barberapp.build/Debug-iphonesimulator/barberapp.build/DerivedSources/Entitlements-Simulated.plist (in target 'barberapp' from project 'barberapp')
    cd /Users/yaseenkhalil/Downloads/barber-app-main/ios
    write-file /Users/yaseenkhalil/Library/Developer/Xcode/DerivedData/barberapp-hcwplsoawdwnpjbfkzbwnxofyxog/Build/Intermediates.noindex/barberapp.build/Debug-iphonesimulator/barberapp.build/DerivedSources/Entitlements-Simulated.plist

MkDir /Users/yaseenkhalil/Library/Developer/Xcode/DerivedData/barberapp-hcwplsoawdwnpjbfkzbwnxofyxog/Build/Products/Debug-iphonesimulator/barberapp.app (in target 'barberapp' from project 'barberapp')
    cd /Users/yaseenkhalil/Downloads/barber-app-main/ios
    /bin/mkdir -p /Users/yaseenkhalil/Library/Developer/Xcode/DerivedData/barberapp-hcwplsoawdwnpjbfkzbwnxofyxog/Build/Products/Debug-iphonesimulator/barberapp.app

ProcessProductPackaging /Users/yaseenkhalil/Downloads/barber-app-main/ios/barberapp/barberapp.entitlements /Users/yaseenkhalil/Library/Developer/Xcode/DerivedData/barberapp-hcwplsoawdwnpjbfkzbwnxofyxog/Build/Intermediates.noindex/barberapp.build/Debug-iphonesimulator/barberapp.build/barberapp.app.xcent (in target 'barberapp' from project 'barberapp')
    cd /Users/yaseenkhalil/Downloads/barber-app-main/ios
    
    Entitlements:
    
    {
}
    
    builtin-productPackagingUtility /Users/yaseenkhalil/Downloads/barber-app-main/ios/barberapp/barberapp.entitlements -entitlements -format xml -o /Users/yaseenkhalil/Library/Developer/Xcode/DerivedData/barberapp-hcwplsoawdwnpjbfkzbwnxofyxog/Build/Intermediates.noindex/barberapp.build/Debug-iphonesimulator/barberapp.build/barberapp.app.xcent

ProcessProductPackaging /Users/yaseenkhalil/Downloads/barber-app-main/ios/barberapp/barberapp.entitlements /Users/yaseenkhalil/Library/Developer/Xcode/DerivedData/barberapp-hcwplsoawdwnpjbfkzbwnxofyxog/Build/Intermediates.noindex/barberapp.build/Debug-iphonesimulator/barberapp.build/barberapp.app-Simulated.xcent (in target 'barberapp' from project 'barberapp')
    cd /Users/yaseenkhalil/Downloads/barber-app-main/ios
    
    Entitlements:
    
    {
    "application-identifier" = "FAKETEAMID.com.yaseen.khalil.barber-app";
}
    
    builtin-productPackagingUtility /Users/yaseenkhalil/Downloads/barber-app-main/ios/barberapp/barberapp.entitlements -entitlements -format xml -o /Users/yaseenkhalil/Library/Developer/Xcode/DerivedData/barberapp-hcwplsoawdwnpjbfkzbwnxofyxog/Build/Intermediates.noindex/barberapp.build/Debug-iphonesimulator/barberapp.build/barberapp.app-Simulated.xcent

ProcessProductPackagingDER /Users/yaseenkhalil/Library/Developer/Xcode/DerivedData/barberapp-hcwplsoawdwnpjbfkzbwnxofyxog/Build/Intermediates.noindex/barberapp.build/Debug-iphonesimulator/barberapp.build/barberapp.app.xcent /Users/yaseenkhalil/Library/Developer/Xcode/DerivedData/barberapp-hcwplsoawdwnpjbfkzbwnxofyxog/Build/Intermediates.noindex/barberapp.build/Debug-iphonesimulator/barberapp.build/barberapp.app.xcent.der (in target 'barberapp' from project 'barberapp')
    cd /Users/yaseenkhalil/Downloads/barber-app-main/ios
    /usr/bin/derq query -f xml -i /Users/yaseenkhalil/Library/Developer/Xcode/DerivedData/barberapp-hcwplsoawdwnpjbfkzbwnxofyxog/Build/Intermediates.noindex/barberapp.build/Debug-iphonesimulator/barberapp.build/barberapp.app.xcent -o /Users/yaseenkhalil/Library/Developer/Xcode/DerivedData/barberapp-hcwplsoawdwnpjbfkzbwnxofyxog/Build/Intermediates.noindex/barberapp.build/Debug-iphonesimulator/barberapp.build/barberapp.app.xcent.der --raw

ProcessProductPackagingDER /Users/yaseenkhalil/Library/Developer/Xcode/DerivedData/barberapp-hcwplsoawdwnpjbfkzbwnxofyxog/Build/Intermediates.noindex/barberapp.build/Debug-iphonesimulator/barberapp.build/barberapp.app-Simulated.xcent /Users/yaseenkhalil/Library/Developer/Xcode/DerivedData/barberapp-hcwplsoawdwnpjbfkzbwnxofyxog/Build/Intermediates.noindex/barberapp.build/Debug-iphonesimulator/barberapp.build/barberapp.app-Simulated.xcent.der (in target 'barberapp' from project 'barberapp')
    cd /Users/yaseenkhalil/Downloads/barber-app-main/ios
    /usr/bin/derq query -f xml -i /Users/yaseenkhalil/Library/Developer/Xcode/DerivedData/barberapp-hcwplsoawdwnpjbfkzbwnxofyxog/Build/Intermediates.noindex/barberapp.build/Debug-iphonesimulator/barberapp.build/barberapp.app-Simulated.xcent -o /Users/yaseenkhalil/Library/Developer/Xcode/DerivedData/barberapp-hcwplsoawdwnpjbfkzbwnxofyxog/Build/Intermediates.noindex/barberapp.build/Debug-iphonesimulator/barberapp.build/barberapp.app-Simulated.xcent.der --raw

PhaseScriptExecution [CP]\ Check\ Pods\ Manifest.lock /Users/yaseenkhalil/Library/Developer/Xcode/DerivedData/barberapp-hcwplsoawdwnpjbfkzbwnxofyxog/Build/Intermediates.noindex/barberapp.build/Debug-iphonesimulator/barberapp.build/Script-08A4A3CD28434E44B6B9DE2E.sh (in target 'barberapp' from project 'barberapp')
    cd /Users/yaseenkhalil/Downloads/barber-app-main/ios
    /bin/sh -c /Users/yaseenkhalil/Library/Developer/Xcode/DerivedData/barberapp-hcwplsoawdwnpjbfkzbwnxofyxog/Build/Intermediates.noindex/barberapp.build/Debug-iphonesimulator/barberapp.build/Script-08A4A3CD28434E44B6B9DE2E.sh
diff: /Podfile.lock: No such file or directory
error: The sandbox is not in sync with the Podfile.lock. Run 'pod install' or update your CocoaPods installation.

note: Run script build phase 'Bundle React Native code and images' will be run during every build because the option to run the script phase "Based on dependency analysis" is unchecked. (in target 'barberapp' from project 'barberapp')
